Using pre-set license
Built from '2021.3/staging' branch; Version is '2021.3.11f1 (0a5ca18544bf) revision 679073'; Using compiler version '192829333'; Build Type 'Release'
OS: 'Windows 10  (10.0.18363) 64bit Core' Language: 'en' Physical Memory: 16229 MB
BatchMode: 1, IsHumanControllingUs: 0, StartBugReporterOnCrash: 0, Is64bit: 1, IsPro: 1

COMMAND LINE ARGUMENTS:
C:\Program Files\Unity\Hub\Editor\2021.3.11f1\Editor\Unity.exe
-adb2
-batchMode
-noUpm
-name
AssetImportWorker0
-projectPath
C:/UnityDev/XRIndependent/ROS_MotorControl
-logFile
Logs/AssetImportWorker0.log
-srvPort
58202
Successfully changed project path to: C:/UnityDev/XRIndependent/ROS_MotorControl
C:/UnityDev/XRIndependent/ROS_MotorControl
[UnityMemory] Configuration Parameters - Can be set up in boot.config
    "memorysetup-bucket-allocator-granularity=16"
    "memorysetup-bucket-allocator-bucket-count=8"
    "memorysetup-bucket-allocator-block-size=33554432"
    "memorysetup-bucket-allocator-block-count=8"
    "memorysetup-main-allocator-block-size=16777216"
    "memorysetup-thread-allocator-block-size=16777216"
    "memorysetup-gfx-main-allocator-block-size=16777216"
    "memorysetup-gfx-thread-allocator-block-size=16777216"
    "memorysetup-cache-allocator-block-size=4194304"
    "memorysetup-typetree-allocator-block-size=2097152"
    "memorysetup-profiler-bucket-allocator-granularity=16"
    "memorysetup-profiler-bucket-allocator-bucket-count=8"
    "memorysetup-profiler-bucket-allocator-block-size=33554432"
    "memorysetup-profiler-bucket-allocator-block-count=8"
    "memorysetup-profiler-allocator-block-size=16777216"
    "memorysetup-profiler-editor-allocator-block-size=1048576"
    "memorysetup-temp-allocator-size-main=16777216"
    "memorysetup-job-temp-allocator-block-size=2097152"
    "memorysetup-job-temp-allocator-block-size-background=1048576"
    "memorysetup-job-temp-allocator-reduction-small-platforms=262144"
    "memorysetup-temp-allocator-size-background-worker=32768"
    "memorysetup-temp-allocator-size-job-worker=262144"
    "memorysetup-temp-allocator-size-preload-manager=33554432"
    "memorysetup-temp-allocator-size-nav-mesh-worker=65536"
    "memorysetup-temp-allocator-size-audio-worker=65536"
    "memorysetup-temp-allocator-size-cloud-worker=32768"
    "memorysetup-temp-allocator-size-gi-baking-worker=262144"
    "memorysetup-temp-allocator-size-gfx=262144"
Refreshing native plugins compatible for Editor in 154.43 ms, found 3 plugins.
Preloading 0 native plugins for Editor in 0.00 ms.
Initialize engine version: 2021.3.11f1 (0a5ca18544bf)
[Subsystems] Discovering subsystems at path C:/Program Files/Unity/Hub/Editor/2021.3.11f1/Editor/Data/Resources/UnitySubsystems
[Subsystems] Discovering subsystems at path C:/UnityDev/XRIndependent/ROS_MotorControl/Assets
GfxDevice: creating device client; threaded=0; jobified=0
Direct3D:
    Version:  Direct3D 11.0 [level 11.1]
    Renderer: Intel(R) UHD Graphics 620 (ID=0x5917)
    Vendor:   Intel
    VRAM:     8114 MB
    Driver:   22.20.16.4771
Initialize mono
Mono path[0] = 'C:/Program Files/Unity/Hub/Editor/2021.3.11f1/Editor/Data/Managed'
Mono path[1] = 'C:/Program Files/Unity/Hub/Editor/2021.3.11f1/Editor/Data/MonoBleedingEdge/lib/mono/unityjit-win32'
Mono config path = 'C:/Program Files/Unity/Hub/Editor/2021.3.11f1/Editor/Data/MonoBleedingEdge/etc'
Using monoOptions --debugger-agent=transport=dt_socket,embedding=1,server=y,suspend=n,address=127.0.0.1:56868
Begin MonoManager ReloadAssembly
Registering precompiled unity dll's ...
Register platform support module: C:/Program Files/Unity/Hub/Editor/2021.3.11f1/Editor/Data/PlaybackEngines/AndroidPlayer/UnityEditor.Android.Extensions.dll
Register platform support module: C:/Program Files/Unity/Hub/Editor/2021.3.11f1/Editor/Data/PlaybackEngines/WindowsStandaloneSupport/UnityEditor.WindowsStandalone.Extensions.dll
Registered in 0.008855 seconds.
Native extension for WindowsStandalone target not found
Native extension for Android target not found
Refreshing native plugins compatible for Editor in 157.34 ms, found 3 plugins.
Preloading 0 native plugins for Editor in 0.00 ms.
Mono: successfully reloaded assembly
- Completed reload, in  1.095 seconds
Domain Reload Profiling:
	ReloadAssembly (1096ms)
		BeginReloadAssembly (97ms)
			ExecutionOrderSort (0ms)
			DisableScriptedObjects (0ms)
			BackupInstance (0ms)
			ReleaseScriptingObjects (0ms)
			CreateAndSetChildDomain (1ms)
		EndReloadAssembly (850ms)
			LoadAssemblies (94ms)
			RebuildTransferFunctionScriptingTraits (0ms)
			SetupTypeCache (195ms)
			ReleaseScriptCaches (0ms)
			RebuildScriptCaches (50ms)
			SetupLoadedEditorAssemblies (523ms)
				LogAssemblyErrors (0ms)
				InitializePlatformSupportModulesInManaged (99ms)
				SetLoadedEditorAssemblies (0ms)
				RefreshPlugins (158ms)
				BeforeProcessingInitializeOnLoad (3ms)
				ProcessInitializeOnLoadAttributes (180ms)
				ProcessInitializeOnLoadMethodAttributes (84ms)
				AfterProcessingInitializeOnLoad (0ms)
				EditorAssembliesLoaded (0ms)
			ExecutionOrderSort2 (0ms)
			AwakeInstancesAfterBackupRestoration (0ms)
Platform modules already initialized, skipping
Registering precompiled user dll's ...
Registered in 0.011249 seconds.
Begin MonoManager ReloadAssembly
Native extension for WindowsStandalone target not found
Native extension for Android target not found
Refreshing native plugins compatible for Editor in 188.79 ms, found 3 plugins.
Preloading 0 native plugins for Editor in 0.00 ms.
Mono: successfully reloaded assembly
- Completed reload, in  2.881 seconds
Domain Reload Profiling:
	ReloadAssembly (2883ms)
		BeginReloadAssembly (463ms)
			ExecutionOrderSort (0ms)
			DisableScriptedObjects (24ms)
			BackupInstance (0ms)
			ReleaseScriptingObjects (0ms)
			CreateAndSetChildDomain (170ms)
		EndReloadAssembly (2166ms)
			LoadAssemblies (225ms)
			RebuildTransferFunctionScriptingTraits (0ms)
			SetupTypeCache (567ms)
			ReleaseScriptCaches (1ms)
			RebuildScriptCaches (118ms)
			SetupLoadedEditorAssemblies (1213ms)
				LogAssemblyErrors (0ms)
				InitializePlatformSupportModulesInManaged (28ms)
				SetLoadedEditorAssemblies (0ms)
				RefreshPlugins (189ms)
				BeforeProcessingInitializeOnLoad (236ms)
				ProcessInitializeOnLoadAttributes (642ms)
				ProcessInitializeOnLoadMethodAttributes (100ms)
				AfterProcessingInitializeOnLoad (18ms)
				EditorAssembliesLoaded (0ms)
			ExecutionOrderSort2 (0ms)
			AwakeInstancesAfterBackupRestoration (14ms)
Platform modules already initialized, skipping
========================================================================
Worker process is ready to serve import requests
Launched and connected shader compiler UnityShaderCompiler.exe after 0.10 seconds
Refreshing native plugins compatible for Editor in 1.71 ms, found 3 plugins.
Preloading 0 native plugins for Editor in 0.00 ms.
Unloading 4395 Unused Serialized files (Serialized files now loaded: 0)
Unloading 30 unused Assets / (113.4 KB). Loaded Objects now: 4855.
Memory consumption went from 151.0 MB to 150.9 MB.
Total: 9.947400 ms (FindLiveObjects: 0.635600 ms CreateObjectMapping: 0.568400 ms MarkObjects: 8.446100 ms  DeleteObjects: 0.295400 ms)

AssetImportParameters requested are different than current active one (requested -> active):
  custom:video-decoder-ogg-theora: a1e56fd34408186e4bbccfd4996cb3dc -> 
  custom:container-muxer-webm: aa71ff27fc2769a1b78a27578f13a17b -> 
  custom:container-demuxer-webm: 4f35f7cbe854078d1ac9338744f61a02 -> 
  custom:video-encoder-webm-vp8: eb34c28f22e8b96e1ab97ce403110664 -> 
  custom:video-codec-MediaFoundation-h265: 746d11721c4dcdbdad8f713fa42b33f4 -> 
  custom:audio-encoder-webm-vorbis: bf7c407c2cedff20999df2af8eb42d56 -> 
  custom:framework-win-MediaFoundation: 216162199b28c13a410421893ffa2e32 -> 
  custom:container-demuxer-ogg: 62fdf1f143b41e24485cea50d1cbac27 -> 
  custom:video-decoder-webm-vp8: 9c59270c3fd7afecdb556c50c9e8de78 -> 
  custom:audio-decoder-ogg-vorbis: bf7c407c2cedff20999df2af8eb42d56 -> 
========================================================================
Received Prepare
Registering precompiled user dll's ...
Registered in 0.011363 seconds.
Begin MonoManager ReloadAssembly
Native extension for WindowsStandalone target not found
Native extension for Android target not found
Refreshing native plugins compatible for Editor in 2.77 ms, found 3 plugins.
Preloading 0 native plugins for Editor in 0.00 ms.
Mono: successfully reloaded assembly
- Completed reload, in  3.237 seconds
Domain Reload Profiling:
	ReloadAssembly (3239ms)
		BeginReloadAssembly (283ms)
			ExecutionOrderSort (0ms)
			DisableScriptedObjects (12ms)
			BackupInstance (0ms)
			ReleaseScriptingObjects (0ms)
			CreateAndSetChildDomain (76ms)
		EndReloadAssembly (2741ms)
			LoadAssemblies (187ms)
			RebuildTransferFunctionScriptingTraits (1ms)
			SetupTypeCache (652ms)
			ReleaseScriptCaches (3ms)
			RebuildScriptCaches (115ms)
			SetupLoadedEditorAssemblies (1577ms)
				LogAssemblyErrors (0ms)
				InitializePlatformSupportModulesInManaged (72ms)
				SetLoadedEditorAssemblies (2ms)
				RefreshPlugins (3ms)
				BeforeProcessingInitializeOnLoad (239ms)
				ProcessInitializeOnLoadAttributes (1045ms)
				ProcessInitializeOnLoadMethodAttributes (183ms)
				AfterProcessingInitializeOnLoad (32ms)
				EditorAssembliesLoaded (1ms)
			ExecutionOrderSort2 (0ms)
			AwakeInstancesAfterBackupRestoration (24ms)
Platform modules already initialized, skipping
Refreshing native plugins compatible for Editor in 7.12 ms, found 3 plugins.
Preloading 0 native plugins for Editor in 0.00 ms.
Unloading 4382 Unused Serialized files (Serialized files now loaded: 0)
Unloading 21 unused Assets / (79.8 KB). Loaded Objects now: 4858.
Memory consumption went from 150.1 MB to 150.0 MB.
Total: 10.812700 ms (FindLiveObjects: 0.626900 ms CreateObjectMapping: 0.640400 ms MarkObjects: 9.346500 ms  DeleteObjects: 0.196700 ms)

AssetImportParameters requested are different than current active one (requested -> active):
  custom:video-decoder-ogg-theora: a1e56fd34408186e4bbccfd4996cb3dc -> 
  custom:container-muxer-webm: aa71ff27fc2769a1b78a27578f13a17b -> 
  custom:container-demuxer-webm: 4f35f7cbe854078d1ac9338744f61a02 -> 
  custom:video-encoder-webm-vp8: eb34c28f22e8b96e1ab97ce403110664 -> 
  custom:video-codec-MediaFoundation-h265: 746d11721c4dcdbdad8f713fa42b33f4 -> 
  custom:audio-encoder-webm-vorbis: bf7c407c2cedff20999df2af8eb42d56 -> 
  custom:framework-win-MediaFoundation: 216162199b28c13a410421893ffa2e32 -> 
  custom:container-demuxer-ogg: 62fdf1f143b41e24485cea50d1cbac27 -> 
  custom:video-decoder-webm-vp8: 9c59270c3fd7afecdb556c50c9e8de78 -> 
  custom:audio-decoder-ogg-vorbis: bf7c407c2cedff20999df2af8eb42d56 -> 
========================================================================
Received Import Request.
  Time since last request: 148037.480267 seconds.
  path: Assets/Samples/XR Interaction Toolkit/2.0.4/XR Device Simulator
  artifactKey: Guid(a10948dc1a7405948b95b882f92d9fa1) Importer(815301076,1909f56bfc062723c751e8b465ee728b)
Start importing Assets/Samples/XR Interaction Toolkit/2.0.4/XR Device Simulator using Guid(a10948dc1a7405948b95b882f92d9fa1) Importer(815301076,1909f56bfc062723c751e8b465ee728b)  -> (artifact id: 'd590af3fad35550f8198ddbf7b734f18') in 0.029681 seconds 
========================================================================
Received Import Request.
  Time since last request: 194.015025 seconds.
  path: Assets/Samples/XR Interaction Toolkit/2.0.4/Starter Assets/XRI Default Left Controller.preset
  artifactKey: Guid(ffd8268f7307a0c48a067dad4a8fe060) Importer(815301076,1909f56bfc062723c751e8b465ee728b)
Start importing Assets/Samples/XR Interaction Toolkit/2.0.4/Starter Assets/XRI Default Left Controller.preset using Guid(ffd8268f7307a0c48a067dad4a8fe060) Importer(815301076,1909f56bfc062723c751e8b465ee728b)  -> (artifact id: '2884d48827da20c93cb0f3912d195851') in 0.091302 seconds 
========================================================================
Received Import Request.
  Time since last request: 20.323800 seconds.
  path: Packages/com.unity.robotics.visualizations/DefaultVisualizationSuite.prefab
  artifactKey: Guid(7e8ecfd17cd58c247916864b74797f3f) Importer(815301076,1909f56bfc062723c751e8b465ee728b)
Start importing Packages/com.unity.robotics.visualizations/DefaultVisualizationSuite.prefab using Guid(7e8ecfd17cd58c247916864b74797f3f) Importer(815301076,1909f56bfc062723c751e8b465ee728b)  -> (artifact id: 'cacb016feec6a3128a25b213c5862935') in 0.106476 seconds 
========================================================================
Received Import Request.
  Time since last request: 0.000027 seconds.
  path: Packages/com.unity.xr.legacyinputhelpers/Prefabs/XRRig.prefab
  artifactKey: Guid(c116b7497ab8ca34c9188965d4295e27) Importer(815301076,1909f56bfc062723c751e8b465ee728b)
Start importing Packages/com.unity.xr.legacyinputhelpers/Prefabs/XRRig.prefab using Guid(c116b7497ab8ca34c9188965d4295e27) Importer(815301076,1909f56bfc062723c751e8b465ee728b)  -> (artifact id: '8bd8b0f8b96e19841b97bd32b36257d9') in 0.017483 seconds 
========================================================================
Received Import Request.
  Time since last request: 13.893848 seconds.
  path: Packages/com.unity.xr.interaction.toolkit/package.json
  artifactKey: Guid(fac9fb4ad804244e0911f21e340a3d5b) Importer(815301076,1909f56bfc062723c751e8b465ee728b)
Start importing Packages/com.unity.xr.interaction.toolkit/package.json using Guid(fac9fb4ad804244e0911f21e340a3d5b) Importer(815301076,1909f56bfc062723c751e8b465ee728b)  -> (artifact id: '8cba5230c2365d6a505a6ac1686848bd') in 0.021129 seconds 
========================================================================
Received Import Request.
  Time since last request: 3.397976 seconds.
  path: Packages/com.unity.xr.interaction.toolkit/Editor/Unity.XR.Interaction.Toolkit.Editor.asmdef
  artifactKey: Guid(190979c3ed6e41c448f5e9925429edf9) Importer(815301076,1909f56bfc062723c751e8b465ee728b)
Start importing Packages/com.unity.xr.interaction.toolkit/Editor/Unity.XR.Interaction.Toolkit.Editor.asmdef using Guid(190979c3ed6e41c448f5e9925429edf9) Importer(815301076,1909f56bfc062723c751e8b465ee728b)  -> (artifact id: 'c64f502af01ac7ce7304912ff3ffef99') in 0.008425 seconds 
========================================================================
Received Import Request.
  Time since last request: 7.912666 seconds.
  path: Assets/Samples/XR Interaction Toolkit/2.0.4/Starter Assets/XRI Default Continuous Move.preset
  artifactKey: Guid(91f9da00cfdac5d49955df2d2d820b9c) Importer(815301076,1909f56bfc062723c751e8b465ee728b)
Start importing Assets/Samples/XR Interaction Toolkit/2.0.4/Starter Assets/XRI Default Continuous Move.preset using Guid(91f9da00cfdac5d49955df2d2d820b9c) Importer(815301076,1909f56bfc062723c751e8b465ee728b)  -> (artifact id: '80bd2ecd4112e3c3015c6addeb89fea4') in 0.010884 seconds 
========================================================================
Received Import Request.
  Time since last request: 0.000022 seconds.
  path: Assets/Samples/XR Interaction Toolkit/2.0.4/Starter Assets/XRI Default Input Actions.inputactions
  artifactKey: Guid(c348712bda248c246b8c49b3db54643f) Importer(815301076,1909f56bfc062723c751e8b465ee728b)
Start importing Assets/Samples/XR Interaction Toolkit/2.0.4/Starter Assets/XRI Default Input Actions.inputactions using Guid(c348712bda248c246b8c49b3db54643f) Importer(815301076,1909f56bfc062723c751e8b465ee728b)  -> (artifact id: '525bfa3b759d2d111f5e3f0cc2570b0f') in 0.020855 seconds 
========================================================================
Received Import Request.
  Time since last request: 1.350172 seconds.
  path: Assets/Samples/XR Interaction Toolkit/2.0.4/XR Device Simulator/XR Device Simulator Controls.inputactions
  artifactKey: Guid(da2b439d1a2de5c46a4f428f8cf4fe19) Importer(815301076,1909f56bfc062723c751e8b465ee728b)
Start importing Assets/Samples/XR Interaction Toolkit/2.0.4/XR Device Simulator/XR Device Simulator Controls.inputactions using Guid(da2b439d1a2de5c46a4f428f8cf4fe19) Importer(815301076,1909f56bfc062723c751e8b465ee728b)  -> (artifact id: '9ef4fd240927b9bb7699b42ed01a36b7') in 0.016715 seconds 
========================================================================
Received Import Request.
  Time since last request: 5.372520 seconds.
  path: Assets/Resources/GeometryCompassSettings.asset
  artifactKey: Guid(a31d6477b6f905648970f09497939295) Importer(815301076,1909f56bfc062723c751e8b465ee728b)
Start importing Assets/Resources/GeometryCompassSettings.asset using Guid(a31d6477b6f905648970f09497939295) Importer(815301076,1909f56bfc062723c751e8b465ee728b)  -> (artifact id: '35ec2bc876bec3d084980bd9547d8b4d') in 0.020822 seconds 
========================================================================
Received Import Request.
  Time since last request: 35.843903 seconds.
  path: Assets/Prefabs
  artifactKey: Guid(03fddff5df62f094ba0cdc1fba6c38c6) Importer(815301076,1909f56bfc062723c751e8b465ee728b)
Start importing Assets/Prefabs using Guid(03fddff5df62f094ba0cdc1fba6c38c6) Importer(815301076,1909f56bfc062723c751e8b465ee728b)  -> (artifact id: '06e3b751e87647f45ad86fe5567bf383') in 0.012281 seconds 
========================================================================
Received Import Request.
  Time since last request: 11.978365 seconds.
  path: Assets/Prefabs/XR Controller Left.prefab
  artifactKey: Guid(b6553c406e72d0a4fadcbf1dc88cd793) Importer(815301076,1909f56bfc062723c751e8b465ee728b)
Start importing Assets/Prefabs/XR Controller Left.prefab using Guid(b6553c406e72d0a4fadcbf1dc88cd793) Importer(815301076,1909f56bfc062723c751e8b465ee728b)  -> (artifact id: 'bf2720e61e373c0ff3cbe887e8a08620') in 0.014262 seconds 
========================================================================
Received Import Request.
  Time since last request: 390.013036 seconds.
  path: Assets/XRI/Settings/Resources/InteractionLayerSettings.asset
  artifactKey: Guid(b0080544a14fff84ab15b8affc2d67fe) Importer(815301076,1909f56bfc062723c751e8b465ee728b)
Start importing Assets/XRI/Settings/Resources/InteractionLayerSettings.asset using Guid(b0080544a14fff84ab15b8affc2d67fe) Importer(815301076,1909f56bfc062723c751e8b465ee728b)  -> (artifact id: '322ac73fa70f2165ae97313853defd32') in 0.008392 seconds 
========================================================================
Received Import Request.
  Time since last request: 0.974028 seconds.
  path: Assets/XRI/Settings/XRInteractionEditorSettings.asset
  artifactKey: Guid(211ac62cbb674c940aa4e58b4bc48d9a) Importer(815301076,1909f56bfc062723c751e8b465ee728b)
Start importing Assets/XRI/Settings/XRInteractionEditorSettings.asset using Guid(211ac62cbb674c940aa4e58b4bc48d9a) Importer(815301076,1909f56bfc062723c751e8b465ee728b)  -> (artifact id: 'b10afe64158ba65e39b1dd0af7d7b070') in 0.006974 seconds 
========================================================================
Received Prepare
Registering precompiled user dll's ...
Registered in 0.006922 seconds.
Begin MonoManager ReloadAssembly
Native extension for WindowsStandalone target not found
Native extension for Android target not found
Refreshing native plugins compatible for Editor in 1.24 ms, found 3 plugins.
Preloading 0 native plugins for Editor in 0.00 ms.
Mono: successfully reloaded assembly
- Completed reload, in  1.903 seconds
Domain Reload Profiling:
	ReloadAssembly (1904ms)
		BeginReloadAssembly (206ms)
			ExecutionOrderSort (0ms)
			DisableScriptedObjects (8ms)
			BackupInstance (0ms)
			ReleaseScriptingObjects (0ms)
			CreateAndSetChildDomain (64ms)
		EndReloadAssembly (1554ms)
			LoadAssemblies (129ms)
			RebuildTransferFunctionScriptingTraits (0ms)
			SetupTypeCache (381ms)
			ReleaseScriptCaches (1ms)
			RebuildScriptCaches (66ms)
			SetupLoadedEditorAssemblies (888ms)
				LogAssemblyErrors (0ms)
				InitializePlatformSupportModulesInManaged (33ms)
				SetLoadedEditorAssemblies (1ms)
				RefreshPlugins (1ms)
				BeforeProcessingInitializeOnLoad (128ms)
				ProcessInitializeOnLoadAttributes (579ms)
				ProcessInitializeOnLoadMethodAttributes (121ms)
				AfterProcessingInitializeOnLoad (23ms)
				EditorAssembliesLoaded (1ms)
			ExecutionOrderSort2 (0ms)
			AwakeInstancesAfterBackupRestoration (23ms)
Platform modules already initialized, skipping
Refreshing native plugins compatible for Editor in 4.68 ms, found 3 plugins.
Preloading 0 native plugins for Editor in 0.00 ms.
Unloading 4382 Unused Serialized files (Serialized files now loaded: 0)
Unloading 22 unused Assets / (103.7 KB). Loaded Objects now: 4862.
Memory consumption went from 150.5 MB to 150.4 MB.
Total: 9.793200 ms (FindLiveObjects: 0.806500 ms CreateObjectMapping: 0.517800 ms MarkObjects: 8.232400 ms  DeleteObjects: 0.235000 ms)

AssetImportParameters requested are different than current active one (requested -> active):
  custom:video-decoder-ogg-theora: a1e56fd34408186e4bbccfd4996cb3dc -> 
  custom:container-muxer-webm: aa71ff27fc2769a1b78a27578f13a17b -> 
  custom:container-demuxer-webm: 4f35f7cbe854078d1ac9338744f61a02 -> 
  custom:video-encoder-webm-vp8: eb34c28f22e8b96e1ab97ce403110664 -> 
  custom:video-codec-MediaFoundation-h265: 746d11721c4dcdbdad8f713fa42b33f4 -> 
  custom:audio-encoder-webm-vorbis: bf7c407c2cedff20999df2af8eb42d56 -> 
  custom:framework-win-MediaFoundation: 216162199b28c13a410421893ffa2e32 -> 
  custom:container-demuxer-ogg: 62fdf1f143b41e24485cea50d1cbac27 -> 
  custom:video-decoder-webm-vp8: 9c59270c3fd7afecdb556c50c9e8de78 -> 
  custom:audio-decoder-ogg-vorbis: bf7c407c2cedff20999df2af8eb42d56 -> 
========================================================================
Received Prepare
Registering precompiled user dll's ...
Registered in 0.008216 seconds.
Begin MonoManager ReloadAssembly
Native extension for WindowsStandalone target not found
Native extension for Android target not found
Refreshing native plugins compatible for Editor in 1.33 ms, found 3 plugins.
Preloading 0 native plugins for Editor in 0.00 ms.
Mono: successfully reloaded assembly
- Completed reload, in  2.160 seconds
Domain Reload Profiling:
	ReloadAssembly (2161ms)
		BeginReloadAssembly (203ms)
			ExecutionOrderSort (0ms)
			DisableScriptedObjects (6ms)
			BackupInstance (0ms)
			ReleaseScriptingObjects (0ms)
			CreateAndSetChildDomain (68ms)
		EndReloadAssembly (1824ms)
			LoadAssemblies (125ms)
			RebuildTransferFunctionScriptingTraits (0ms)
			SetupTypeCache (441ms)
			ReleaseScriptCaches (1ms)
			RebuildScriptCaches (70ms)
			SetupLoadedEditorAssemblies (1064ms)
				LogAssemblyErrors (0ms)
				InitializePlatformSupportModulesInManaged (45ms)
				SetLoadedEditorAssemblies (1ms)
				RefreshPlugins (1ms)
				BeforeProcessingInitializeOnLoad (136ms)
				ProcessInitializeOnLoadAttributes (709ms)
				ProcessInitializeOnLoadMethodAttributes (149ms)
				AfterProcessingInitializeOnLoad (22ms)
				EditorAssembliesLoaded (1ms)
			ExecutionOrderSort2 (0ms)
			AwakeInstancesAfterBackupRestoration (17ms)
Platform modules already initialized, skipping
Refreshing native plugins compatible for Editor in 8.22 ms, found 3 plugins.
Preloading 0 native plugins for Editor in 0.00 ms.
Unloading 4382 Unused Serialized files (Serialized files now loaded: 0)
Unloading 21 unused Assets / (79.9 KB). Loaded Objects now: 4865.
Memory consumption went from 150.5 MB to 150.4 MB.
Total: 13.103900 ms (FindLiveObjects: 0.560200 ms CreateObjectMapping: 0.923900 ms MarkObjects: 11.451800 ms  DeleteObjects: 0.166200 ms)

AssetImportParameters requested are different than current active one (requested -> active):
  custom:video-decoder-ogg-theora: a1e56fd34408186e4bbccfd4996cb3dc -> 
  custom:container-muxer-webm: aa71ff27fc2769a1b78a27578f13a17b -> 
  custom:container-demuxer-webm: 4f35f7cbe854078d1ac9338744f61a02 -> 
  custom:video-encoder-webm-vp8: eb34c28f22e8b96e1ab97ce403110664 -> 
  custom:video-codec-MediaFoundation-h265: 746d11721c4dcdbdad8f713fa42b33f4 -> 
  custom:audio-encoder-webm-vorbis: bf7c407c2cedff20999df2af8eb42d56 -> 
  custom:framework-win-MediaFoundation: 216162199b28c13a410421893ffa2e32 -> 
  custom:container-demuxer-ogg: 62fdf1f143b41e24485cea50d1cbac27 -> 
  custom:video-decoder-webm-vp8: 9c59270c3fd7afecdb556c50c9e8de78 -> 
  custom:audio-decoder-ogg-vorbis: bf7c407c2cedff20999df2af8eb42d56 -> 
========================================================================
Received Prepare
Registering precompiled user dll's ...
Registered in 0.010184 seconds.
Begin MonoManager ReloadAssembly
Native extension for WindowsStandalone target not found
Native extension for Android target not found
Refreshing native plugins compatible for Editor in 1.73 ms, found 3 plugins.
Preloading 0 native plugins for Editor in 0.00 ms.
Mono: successfully reloaded assembly
- Completed reload, in  2.339 seconds
Domain Reload Profiling:
	ReloadAssembly (2340ms)
		BeginReloadAssembly (273ms)
			ExecutionOrderSort (0ms)
			DisableScriptedObjects (10ms)
			BackupInstance (0ms)
			ReleaseScriptingObjects (0ms)
			CreateAndSetChildDomain (77ms)
		EndReloadAssembly (1861ms)
			LoadAssemblies (185ms)
			RebuildTransferFunctionScriptingTraits (0ms)
			SetupTypeCache (630ms)
			ReleaseScriptCaches (3ms)
			RebuildScriptCaches (87ms)
			SetupLoadedEditorAssemblies (843ms)
				LogAssemblyErrors (0ms)
				InitializePlatformSupportModulesInManaged (42ms)
				SetLoadedEditorAssemblies (1ms)
				RefreshPlugins (2ms)
				BeforeProcessingInitializeOnLoad (163ms)
				ProcessInitializeOnLoadAttributes (524ms)
				ProcessInitializeOnLoadMethodAttributes (95ms)
				AfterProcessingInitializeOnLoad (16ms)
				EditorAssembliesLoaded (0ms)
			ExecutionOrderSort2 (0ms)
			AwakeInstancesAfterBackupRestoration (13ms)
Platform modules already initialized, skipping
Refreshing native plugins compatible for Editor in 7.45 ms, found 3 plugins.
Preloading 0 native plugins for Editor in 0.00 ms.
Unloading 4382 Unused Serialized files (Serialized files now loaded: 0)
Unloading 21 unused Assets / (79.9 KB). Loaded Objects now: 4868.
Memory consumption went from 150.5 MB to 150.4 MB.
Total: 16.249100 ms (FindLiveObjects: 0.682500 ms CreateObjectMapping: 0.658100 ms MarkObjects: 14.673600 ms  DeleteObjects: 0.232500 ms)

AssetImportParameters requested are different than current active one (requested -> active):
  custom:video-decoder-ogg-theora: a1e56fd34408186e4bbccfd4996cb3dc -> 
  custom:container-muxer-webm: aa71ff27fc2769a1b78a27578f13a17b -> 
  custom:container-demuxer-webm: 4f35f7cbe854078d1ac9338744f61a02 -> 
  custom:video-encoder-webm-vp8: eb34c28f22e8b96e1ab97ce403110664 -> 
  custom:video-codec-MediaFoundation-h265: 746d11721c4dcdbdad8f713fa42b33f4 -> 
  custom:audio-encoder-webm-vorbis: bf7c407c2cedff20999df2af8eb42d56 -> 
  custom:framework-win-MediaFoundation: 216162199b28c13a410421893ffa2e32 -> 
  custom:container-demuxer-ogg: 62fdf1f143b41e24485cea50d1cbac27 -> 
  custom:video-decoder-webm-vp8: 9c59270c3fd7afecdb556c50c9e8de78 -> 
  custom:audio-decoder-ogg-vorbis: bf7c407c2cedff20999df2af8eb42d56 -> 
========================================================================
Received Import Request.
  Time since last request: 390.113374 seconds.
  path: Assets/Samples/XR Interaction Toolkit/2.3.0-pre.1/XR Device Simulator/Unity.XR.Interaction.Toolkit.Samples.DeviceSimulator.asmdef
  artifactKey: Guid(a0c6cb4ff4b70b44e933543a342fb2b1) Importer(815301076,1909f56bfc062723c751e8b465ee728b)
Start importing Assets/Samples/XR Interaction Toolkit/2.3.0-pre.1/XR Device Simulator/Unity.XR.Interaction.Toolkit.Samples.DeviceSimulator.asmdef using Guid(a0c6cb4ff4b70b44e933543a342fb2b1) Importer(815301076,1909f56bfc062723c751e8b465ee728b)  -> (artifact id: 'c3c398615a7cbe7001ef571af2f06a39') in 0.018427 seconds 
========================================================================
Received Import Request.
  Time since last request: 0.000046 seconds.
  path: Assets/Samples/XR Interaction Toolkit/2.3.0-pre.1/XR Device Simulator/XR Device Simulator.prefab
  artifactKey: Guid(18ddb545287c546e19cc77dc9fbb2189) Importer(815301076,1909f56bfc062723c751e8b465ee728b)
Start importing Assets/Samples/XR Interaction Toolkit/2.3.0-pre.1/XR Device Simulator/XR Device Simulator.prefab using Guid(18ddb545287c546e19cc77dc9fbb2189) Importer(815301076,1909f56bfc062723c751e8b465ee728b)  -> (artifact id: '7fb227da236e626fc810443db8484382') in 0.048117 seconds 
========================================================================
Received Import Request.
  Time since last request: 30.069665 seconds.
  path: Assets/Samples/XR Interaction Toolkit/2.3.0-pre.1/Starter Assets/Unity.XR.Interaction.Toolkit.Samples.StarterAssets.asmdef
  artifactKey: Guid(8f07e33567e0ee542b40769c456c6b53) Importer(815301076,1909f56bfc062723c751e8b465ee728b)
Start importing Assets/Samples/XR Interaction Toolkit/2.3.0-pre.1/Starter Assets/Unity.XR.Interaction.Toolkit.Samples.StarterAssets.asmdef using Guid(8f07e33567e0ee542b40769c456c6b53) Importer(815301076,1909f56bfc062723c751e8b465ee728b)  -> (artifact id: 'fa002c5ae16b02ecfa11cf22db70edd3') in 0.009945 seconds 
========================================================================
Received Import Request.
  Time since last request: 0.000028 seconds.
  path: Assets/Samples/XR Interaction Toolkit/2.3.0-pre.1/Starter Assets/XRI Default Gaze Controller.preset
  artifactKey: Guid(2e6e6d902741c934ba75a28389d4f66e) Importer(815301076,1909f56bfc062723c751e8b465ee728b)
Start importing Assets/Samples/XR Interaction Toolkit/2.3.0-pre.1/Starter Assets/XRI Default Gaze Controller.preset using Guid(2e6e6d902741c934ba75a28389d4f66e) Importer(815301076,1909f56bfc062723c751e8b465ee728b)  -> (artifact id: 'b4bb0910b28ae41043c32fdb9eb5ed9f') in 0.016040 seconds 
========================================================================
Received Import Request.
  Time since last request: 0.000048 seconds.
  path: Assets/Samples/XR Interaction Toolkit/2.3.0-pre.1/Starter Assets/XRI Default Left Controller.preset
  artifactKey: Guid(cf1d3cc03c5f68a4ab6d4aa00cfb7e91) Importer(815301076,1909f56bfc062723c751e8b465ee728b)
Start importing Assets/Samples/XR Interaction Toolkit/2.3.0-pre.1/Starter Assets/XRI Default Left Controller.preset using Guid(cf1d3cc03c5f68a4ab6d4aa00cfb7e91) Importer(815301076,1909f56bfc062723c751e8b465ee728b)  -> (artifact id: '5074e480c85363f7fcbd6e75e89e7a49') in 0.013441 seconds 
========================================================================
Received Import Request.
  Time since last request: 0.000030 seconds.
  path: Assets/Samples/XR Interaction Toolkit/2.3.0-pre.1/Starter Assets/XRI Default Right Grab Move.preset
  artifactKey: Guid(c1885ea0c0fcb4941814edd31b6d7018) Importer(815301076,1909f56bfc062723c751e8b465ee728b)
Start importing Assets/Samples/XR Interaction Toolkit/2.3.0-pre.1/Starter Assets/XRI Default Right Grab Move.preset using Guid(c1885ea0c0fcb4941814edd31b6d7018) Importer(815301076,1909f56bfc062723c751e8b465ee728b)  -> (artifact id: '1aef198797a739f194e852c9b80a69c7') in 0.009094 seconds 
========================================================================
Received Import Request.
  Time since last request: 0.000029 seconds.
  path: Assets/Samples/XR Interaction Toolkit/2.3.0-pre.1/Starter Assets/XRI Default Continuous Turn.preset
  artifactKey: Guid(97cc9565b52dee5438b2f1df9f7c1196) Importer(815301076,1909f56bfc062723c751e8b465ee728b)
Start importing Assets/Samples/XR Interaction Toolkit/2.3.0-pre.1/Starter Assets/XRI Default Continuous Turn.preset using Guid(97cc9565b52dee5438b2f1df9f7c1196) Importer(815301076,1909f56bfc062723c751e8b465ee728b)  -> (artifact id: '252111920867f7af696e62f387a8f6b3') in 0.013068 seconds 
========================================================================
Received Import Request.
  Time since last request: 0.000041 seconds.
  path: Assets/Samples/XR Interaction Toolkit/2.3.0-pre.1/Starter Assets/XRI Default Left Grab Move.preset
  artifactKey: Guid(d49a2c9b07bd3984790c10b39bdcc990) Importer(815301076,1909f56bfc062723c751e8b465ee728b)
Start importing Assets/Samples/XR Interaction Toolkit/2.3.0-pre.1/Starter Assets/XRI Default Left Grab Move.preset using Guid(d49a2c9b07bd3984790c10b39bdcc990) Importer(815301076,1909f56bfc062723c751e8b465ee728b)  -> (artifact id: '7207ea29af08c113ce20744c43f17cd9') in 0.009784 seconds 
========================================================================
Received Prepare
Registering precompiled user dll's ...
Registered in 0.007748 seconds.
Begin MonoManager ReloadAssembly
Native extension for WindowsStandalone target not found
Native extension for Android target not found
Refreshing native plugins compatible for Editor in 1.41 ms, found 3 plugins.
Preloading 0 native plugins for Editor in 0.00 ms.
Mono: successfully reloaded assembly
- Completed reload, in  1.702 seconds
Domain Reload Profiling:
	ReloadAssembly (1703ms)
		BeginReloadAssembly (217ms)
			ExecutionOrderSort (0ms)
			DisableScriptedObjects (8ms)
			BackupInstance (0ms)
			ReleaseScriptingObjects (0ms)
			CreateAndSetChildDomain (57ms)
		EndReloadAssembly (1338ms)
			LoadAssemblies (148ms)
			RebuildTransferFunctionScriptingTraits (0ms)
			SetupTypeCache (425ms)
			ReleaseScriptCaches (2ms)
			RebuildScriptCaches (68ms)
			SetupLoadedEditorAssemblies (597ms)
				LogAssemblyErrors (0ms)
				InitializePlatformSupportModulesInManaged (44ms)
				SetLoadedEditorAssemblies (1ms)
				RefreshPlugins (2ms)
				BeforeProcessingInitializeOnLoad (122ms)
				ProcessInitializeOnLoadAttributes (363ms)
				ProcessInitializeOnLoadMethodAttributes (56ms)
				AfterProcessingInitializeOnLoad (9ms)
				EditorAssembliesLoaded (0ms)
			ExecutionOrderSort2 (0ms)
			AwakeInstancesAfterBackupRestoration (10ms)
Platform modules already initialized, skipping
Refreshing native plugins compatible for Editor in 6.07 ms, found 3 plugins.
Preloading 0 native plugins for Editor in 0.00 ms.
Unloading 4382 Unused Serialized files (Serialized files now loaded: 0)
Unloading 21 unused Assets / (79.8 KB). Loaded Objects now: 4871.
Memory consumption went from 150.5 MB to 150.5 MB.
Total: 9.740700 ms (FindLiveObjects: 0.602400 ms CreateObjectMapping: 0.550900 ms MarkObjects: 8.397800 ms  DeleteObjects: 0.187300 ms)

AssetImportParameters requested are different than current active one (requested -> active):
  custom:video-decoder-ogg-theora: a1e56fd34408186e4bbccfd4996cb3dc -> 
  custom:container-muxer-webm: aa71ff27fc2769a1b78a27578f13a17b -> 
  custom:container-demuxer-webm: 4f35f7cbe854078d1ac9338744f61a02 -> 
  custom:video-encoder-webm-vp8: eb34c28f22e8b96e1ab97ce403110664 -> 
  custom:video-codec-MediaFoundation-h265: 746d11721c4dcdbdad8f713fa42b33f4 -> 
  custom:audio-encoder-webm-vorbis: bf7c407c2cedff20999df2af8eb42d56 -> 
  custom:framework-win-MediaFoundation: 216162199b28c13a410421893ffa2e32 -> 
  custom:container-demuxer-ogg: 62fdf1f143b41e24485cea50d1cbac27 -> 
  custom:video-decoder-webm-vp8: 9c59270c3fd7afecdb556c50c9e8de78 -> 
  custom:audio-decoder-ogg-vorbis: bf7c407c2cedff20999df2af8eb42d56 -> 
========================================================================
Received Prepare
Registering precompiled user dll's ...
Registered in 0.010113 seconds.
Begin MonoManager ReloadAssembly
Native extension for WindowsStandalone target not found
Native extension for Android target not found
Refreshing native plugins compatible for Editor in 1.73 ms, found 3 plugins.
Preloading 0 native plugins for Editor in 0.00 ms.
Mono: successfully reloaded assembly
- Completed reload, in  3.158 seconds
Domain Reload Profiling:
	ReloadAssembly (3160ms)
		BeginReloadAssembly (287ms)
			ExecutionOrderSort (0ms)
			DisableScriptedObjects (15ms)
			BackupInstance (0ms)
			ReleaseScriptingObjects (0ms)
			CreateAndSetChildDomain (81ms)
		EndReloadAssembly (2641ms)
			LoadAssemblies (194ms)
			RebuildTransferFunctionScriptingTraits (0ms)
			SetupTypeCache (657ms)
			ReleaseScriptCaches (2ms)
			RebuildScriptCaches (96ms)
			SetupLoadedEditorAssemblies (1503ms)
				LogAssemblyErrors (0ms)
				InitializePlatformSupportModulesInManaged (70ms)
				SetLoadedEditorAssemblies (2ms)
				RefreshPlugins (2ms)
				BeforeProcessingInitializeOnLoad (262ms)
				ProcessInitializeOnLoadAttributes (974ms)
				ProcessInitializeOnLoadMethodAttributes (165ms)
				AfterProcessingInitializeOnLoad (27ms)
				EditorAssembliesLoaded (0ms)
			ExecutionOrderSort2 (0ms)
			AwakeInstancesAfterBackupRestoration (21ms)
Platform modules already initialized, skipping
Refreshing native plugins compatible for Editor in 11.14 ms, found 3 plugins.
Preloading 0 native plugins for Editor in 0.00 ms.
Unloading 4382 Unused Serialized files (Serialized files now loaded: 0)
Unloading 21 unused Assets / (79.9 KB). Loaded Objects now: 4874.
Memory consumption went from 150.5 MB to 150.5 MB.
Total: 34.183500 ms (FindLiveObjects: 1.749100 ms CreateObjectMapping: 8.016300 ms MarkObjects: 24.083700 ms  DeleteObjects: 0.330100 ms)

AssetImportParameters requested are different than current active one (requested -> active):
  custom:video-decoder-ogg-theora: a1e56fd34408186e4bbccfd4996cb3dc -> 
  custom:container-muxer-webm: aa71ff27fc2769a1b78a27578f13a17b -> 
  custom:container-demuxer-webm: 4f35f7cbe854078d1ac9338744f61a02 -> 
  custom:video-encoder-webm-vp8: eb34c28f22e8b96e1ab97ce403110664 -> 
  custom:video-codec-MediaFoundation-h265: 746d11721c4dcdbdad8f713fa42b33f4 -> 
  custom:audio-encoder-webm-vorbis: bf7c407c2cedff20999df2af8eb42d56 -> 
  custom:framework-win-MediaFoundation: 216162199b28c13a410421893ffa2e32 -> 
  custom:container-demuxer-ogg: 62fdf1f143b41e24485cea50d1cbac27 -> 
  custom:video-decoder-webm-vp8: 9c59270c3fd7afecdb556c50c9e8de78 -> 
  custom:audio-decoder-ogg-vorbis: bf7c407c2cedff20999df2af8eb42d56 -> 
========================================================================
Received Prepare
Registering precompiled user dll's ...
Registered in 0.009770 seconds.
Begin MonoManager ReloadAssembly
The file 'MemoryStream' is corrupted! Remove it and launch unity again!
[Position out of bounds!]
Fatal Error! The file 'MemoryStream' is corrupted! Remove it and launch unity again!
[Position out of bounds!]
Crash!!!
SymInit: Symbol-SearchPath: 'C:/Program Files/Unity/Hub/Editor/2021.3.11f1/Editor/Data/Mono;.;C:\UnityDev\XRIndependent\ROS_MotorControl;C:\UnityDev\XRIndependent\ROS_MotorControl\Library\BurstCache\JIT;C:\Program Files\Unity\Hub\Editor\2021.3.11f1\Editor;C:\WINDOWS;C:\WINDOWS\system32;SRV*C:\websymbols*http://msdl.microsoft.com/download/symbols;', symOptions: 534, UserName: 'Vikram Pandian'
OS-Version: 10.0.0
C:\Program Files\Unity\Hub\Editor\2021.3.11f1\Editor\Unity.exe:Unity.exe (00007FF62E750000), size: 73637888 (result: 0), SymType: '-deferred-', PDB: '', fileVersion: 2021.3.11.23713
C:\WINDOWS\SYSTEM32\ntdll.dll:ntdll.dll (00007FFF154C0000), size: 2031616 (result: 0), SymType: '-deferred-', PDB: '', fileVersion: 10.0.18362.1533
C:\WINDOWS\System32\KERNEL32.DLL:KERNEL32.DLL (00007FFF140F0000), size: 729088 (result: 0), SymType: '-deferred-', PDB: '', fileVersion: 10.0.18362.1500
C:\WINDOWS\System32\KERNELBASE.dll:KERNELBASE.dll (00007FFF128A0000), size: 2772992 (result: 0), SymType: '-deferred-', PDB: '', fileVersion: 10.0.18362.1474
C:\WINDOWS\System32\CRYPT32.dll:CRYPT32.dll (00007FFF13410000), size: 1380352 (result: 0), SymType: '-deferred-', PDB: '', fileVersion: 10.0.18362.1411
C:\WINDOWS\System32\ucrtbase.dll:ucrtbase.dll (00007FFF12450000), size: 1024000 (result: 0), SymType: '-deferred-', PDB: '', fileVersion: 10.0.18362.1110
C:\WINDOWS\System32\MSASN1.dll:MSASN1.dll (00007FFF12410000), size: 73728 (result: 0), SymType: '-deferred-', PDB: '', fileVersion: 10.0.18362.1
C:\WINDOWS\System32\USER32.dll:USER32.dll (00007FFF13B80000), size: 1654784 (result: 0), SymType: '-deferred-', PDB: '', fileVersion: 10.0.18362.1316
C:\WINDOWS\System32\win32u.dll:win32u.dll (00007FFF125D0000), size: 135168 (result: 0), SymType: '-deferred-', PDB: '', fileVersion: 10.0.18362.1556
C:\WINDOWS\System32\GDI32.dll:GDI32.dll (00007FFF13570000), size: 155648 (result: 0), SymType: '-deferred-', PDB: '', fileVersion: 10.0.18362.1316
C:\Program Files\Unity\Hub\Editor\2021.3.11f1\Editor\optix.6.0.0.dll:optix.6.0.0.dll (00007FFEF19D0000), size: 208896 (result: 0), SymType: '-deferred-', PDB: '', fileVersion: 6.0.0.0
C:\Program Files\Unity\Hub\Editor\2021.3.11f1\Editor\libfbxsdk.dll:libfbxsdk.dll (00007FFE85F80000), size: 10215424 (result: 0), SymType: '-deferred-', PDB: '', fileVersion: 2020.2.0.0
C:\Program Files\Unity\Hub\Editor\2021.3.11f1\Editor\s3tcompress.dll:s3tcompress.dll (00007FFEE8300000), size: 180224 (result: 0), SymType: '-deferred-', PDB: ''
C:\WINDOWS\System32\gdi32full.dll:gdi32full.dll (00007FFF12660000), size: 1671168 (result: 0), SymType: '-deferred-', PDB: '', fileVersion: 10.0.18362.1500
C:\WINDOWS\System32\msvcp_win.dll:msvcp_win.dll (00007FFF12800000), size: 647168 (result: 0), SymType: '-deferred-', PDB: '', fileVersion: 10.0.18362.1110
C:\Program Files\Unity\Hub\Editor\2021.3.11f1\Editor\etccompress.dll:etccompress.dll (00007FFE85AA0000), size: 5066752 (result: 0), SymType: '-deferred-', PDB: ''
C:\WINDOWS\System32\ADVAPI32.dll:ADVAPI32.dll (00007FFF152D0000), size: 667648 (result: 0), SymType: '-deferred-', PDB: '', fileVersion: 10.0.18362.752
C:\Program Files\Unity\Hub\Editor\2021.3.11f1\Editor\ispc_texcomp.dll:ispc_texcomp.dll (00007FFEC82B0000), size: 1740800 (result: 0), SymType: '-deferred-', PDB: ''
C:\WINDOWS\System32\msvcrt.dll:msvcrt.dll (00007FFF15050000), size: 647168 (result: 0), SymType: '-deferred-', PDB: '', fileVersion: 7.0.18362.1
C:\Program Files\Unity\Hub\Editor\2021.3.11f1\Editor\compress_bc7e.dll:compress_bc7e.dll (00007FFECC0F0000), size: 1441792 (result: 0), SymType: '-deferred-', PDB: ''
C:\WINDOWS\System32\sechost.dll:sechost.dll (00007FFF144F0000), size: 618496 (result: 0), SymType: '-deferred-', PDB: '', fileVersion: 10.0.18362.1474
C:\Program Files\Unity\Hub\Editor\2021.3.11f1\Editor\FreeImage.dll:FreeImage.dll (0000000180000000), size: 6582272 (result: 0), SymType: '-deferred-', PDB: '', fileVersion: 3.18.0.0
C:\Program Files\Unity\Hub\Editor\2021.3.11f1\Editor\OpenImageDenoise.dll:OpenImageDenoise.dll (00007FFE651C0000), size: 48848896 (result: 0), SymType: '-deferred-', PDB: '', fileVersion: 1.4.2.0
C:\WINDOWS\System32\RPCRT4.dll:RPCRT4.dll (00007FFF13FD0000), size: 1175552 (result: 0), SymType: '-deferred-', PDB: '', fileVersion: 10.0.18362.1500
C:\Program Files\Unity\Hub\Editor\2021.3.11f1\Editor\WinPixEventRuntime.dll:WinPixEventRuntime.dll (00007FFF0D350000), size: 45056 (result: 0), SymType: '-deferred-', PDB: '', fileVersion: 1.0.1812.6001
C:\WINDOWS\System32\WS2_32.dll:WS2_32.dll (00007FFF14820000), size: 454656 (result: 0), SymType: '-deferred-', PDB: '', fileVersion: 10.0.18362.387
C:\WINDOWS\System32\SHELL32.dll:SHELL32.dll (00007FFF14890000), size: 7237632 (result: 0), SymType: '-deferred-', PDB: '', fileVersion: 10.0.18362.1533
C:\WINDOWS\System32\cfgmgr32.dll:cfgmgr32.dll (00007FFF12550000), size: 303104 (result: 0), SymType: '-deferred-', PDB: '', fileVersion: 10.0.18362.387
C:\Program Files\Unity\Hub\Editor\2021.3.11f1\Editor\umbraoptimizer64.dll:umbraoptimizer64.dll (00007FFEE5D00000), size: 1187840 (result: 0), SymType: '-deferred-', PDB: ''
C:\WINDOWS\System32\shcore.dll:shcore.dll (00007FFF14620000), size: 688128 (result: 0), SymType: '-deferred-', PDB: '', fileVersion: 10.0.18362.1533
C:\WINDOWS\System32\combase.dll:combase.dll (00007FFF141B0000), size: 3366912 (result: 0), SymType: '-deferred-', PDB: '', fileVersion: 10.0.18362.1500
C:\Program Files\Unity\Hub\Editor\2021.3.11f1\Editor\tbb12.dll:tbb12.dll (00007FFED9700000), size: 434176 (result: 0), SymType: '-deferred-', PDB: ''
C:\WINDOWS\System32\bcryptPrimitives.dll:bcryptPrimitives.dll (00007FFF12C00000), size: 528384 (result: 0), SymType: '-deferred-', PDB: '', fileVersion: 10.0.18362.1237
C:\WINDOWS\SYSTEM32\MSVCP140.dll:MSVCP140.dll (00007FFF09AA0000), size: 581632 (result: 0), SymType: '-deferred-', PDB: '', fileVersion: 14.32.31332.0
C:\WINDOWS\System32\windows.storage.dll:windows.storage.dll (00007FFF12C90000), size: 7843840 (result: 0), SymType: '-deferred-', PDB: '', fileVersion: 10.0.18362.1533
C:\WINDOWS\SYSTEM32\VCRUNTIME140.dll:VCRUNTIME140.dll (00007FFF09B30000), size: 110592 (result: 0), SymType: '-deferred-', PDB: '', fileVersion: 14.32.31332.0
C:\WINDOWS\System32\profapi.dll:profapi.dll (00007FFF123F0000), size: 122880 (result: 0), SymType: '-deferred-', PDB: '', fileVersion: 10.0.18362.1411
C:\WINDOWS\System32\powrprof.dll:powrprof.dll (00007FFF123A0000), size: 303104 (result: 0), SymType: '-deferred-', PDB: '', fileVersion: 10.0.18362.1
C:\WINDOWS\SYSTEM32\VCRUNTIME140_1.dll:VCRUNTIME140_1.dll (00007FFF09B70000), size: 49152 (result: 0), SymType: '-deferred-', PDB: '', fileVersion: 14.32.31332.0
C:\WINDOWS\System32\UMPDC.dll:UMPDC.dll (00007FFF12370000), size: 65536 (result: 0), SymType: '-deferred-', PDB: ''
C:\Program Files\Unity\Hub\Editor\2021.3.11f1\Editor\tbbmalloc.dll:tbbmalloc.dll (00007FFEE5CB0000), size: 282624 (result: 0), SymType: '-deferred-', PDB: ''
C:\WINDOWS\System32\shlwapi.dll:shlwapi.dll (00007FFF13F70000), size: 335872 (result: 0), SymType: '-deferred-', PDB: '', fileVersion: 10.0.18362.1316
C:\WINDOWS\System32\kernel.appcore.dll:kernel.appcore.dll (00007FFF12380000), size: 69632 (result: 0), SymType: '-deferred-', PDB: '', fileVersion: 10.0.18362.1171
C:\WINDOWS\System32\cryptsp.dll:cryptsp.dll (00007FFF12430000), size: 94208 (result: 0), SymType: '-deferred-', PDB: '', fileVersion: 10.0.18362.1
C:\WINDOWS\System32\ole32.dll:ole32.dll (00007FFF135A0000), size: 1404928 (result: 0), SymType: '-deferred-', PDB: '', fileVersion: 10.0.18362.1316
C:\WINDOWS\System32\IMM32.dll:IMM32.dll (00007FFF13D30000), size: 188416 (result: 0), SymType: '-deferred-', PDB: '', fileVersion: 10.0.18362.387
C:\WINDOWS\System32\SETUPAPI.dll:SETUPAPI.dll (00007FFF13710000), size: 4653056 (result: 0), SymType: '-deferred-', PDB: '', fileVersion: 10.0.18362.1
C:\WINDOWS\SYSTEM32\OPENGL32.dll:OPENGL32.dll (00007FFEEAC00000), size: 1400832 (result: 0), SymType: '-deferred-', PDB: '', fileVersion: 10.0.18362.1500
C:\WINDOWS\SYSTEM32\GLU32.dll:GLU32.dll (00007FFEEB220000), size: 180224 (result: 0), SymType: '-deferred-', PDB: '', fileVersion: 10.0.18362.387
C:\WINDOWS\System32\bcrypt.dll:bcrypt.dll (00007FFF125A0000), size: 155648 (result: 0), SymType: '-deferred-', PDB: '', fileVersion: 10.0.18362.1237
C:\WINDOWS\SYSTEM32\IPHLPAPI.DLL:IPHLPAPI.DLL (00007FFF118C0000), size: 237568 (result: 0), SymType: '-deferred-', PDB: '', fileVersion: 10.0.18362.1
C:\WINDOWS\System32\OLEAUT32.dll:OLEAUT32.dll (00007FFF14F80000), size: 806912 (result: 0), SymType: '-deferred-', PDB: '', fileVersion: 10.0.18362.1556
C:\WINDOWS\System32\WINTRUST.dll:WINTRUST.dll (00007FFF12600000), size: 376832 (result: 0), SymType: '-deferred-', PDB: '', fileVersion: 10.0.18362.1377
C:\WINDOWS\SYSTEM32\WINHTTP.dll:WINHTTP.dll (00007FFF02660000), size: 1024000 (result: 0), SymType: '-deferred-', PDB: '', fileVersion: 10.0.18362.1411
C:\WINDOWS\SYSTEM32\WINMM.dll:WINMM.dll (00007FFF0EB10000), size: 147456 (result: 0), SymType: '-deferred-', PDB: '', fileVersion: 10.0.18362.1
C:\WINDOWS\SYSTEM32\HID.DLL:HID.DLL (00007FFF10DD0000), size: 57344 (result: 0), SymType: '-deferred-', PDB: '', fileVersion: 10.0.18362.1
C:\Program Files\Unity\Hub\Editor\2021.3.11f1\Editor\RadeonImageFilters.dll:RadeonImageFilters.dll (00007FFE88C40000), size: 2961408 (result: 0), SymType: '-deferred-', PDB: '', fileVersion: 1.7.0.0
C:\WINDOWS\SYSTEM32\dwmapi.dll:dwmapi.dll (00007FFF107A0000), size: 184320 (result: 0), SymType: '-deferred-', PDB: '', fileVersion: 10.0.18362.1316
C:\Program Files\Unity\Hub\Editor\2021.3.11f1\Editor\SketchUpAPI.dll:SketchUpAPI.dll (00007FFE80D00000), size: 9306112 (result: 0), SymType: '-deferred-', PDB: '', fileVersion: 20.2.172.0
C:\WINDOWS\SYSTEM32\VERSION.dll:VERSION.dll (00007FFF11520000), size: 40960 (result: 0), SymType: '-deferred-', PDB: '', fileVersion: 10.0.18362.1
C:\WINDOWS\SYSTEM32\dxcore.dll:dxcore.dll (00007FFF10E30000), size: 131072 (result: 0), SymType: '-deferred-', PDB: '', fileVersion: 10.0.18362.1316
C:\WINDOWS\SYSTEM32\WSOCK32.dll:WSOCK32.dll (00007FFEFDDF0000), size: 36864 (result: 0), SymType: '-deferred-', PDB: '', fileVersion: 10.0.18362.1
C:\WINDOWS\SYSTEM32\winmmbase.dll:winmmbase.dll (00007FFF0EAE0000), size: 184320 (result: 0), SymType: '-deferred-', PDB: '', fileVersion: 10.0.18362.1
C:\Program Files\Unity\Hub\Editor\2021.3.11f1\Editor\RadeonML.dll:RadeonML.dll (00007FFEE82E0000), size: 94208 (result: 0), SymType: '-deferred-', PDB: '', fileVersion: 0.9.11.0
C:\Program Files\Unity\Hub\Editor\2021.3.11f1\Editor\SketchUpCommonPreferences.dll:SketchUpCommonPreferences.dll (00007FFED9680000), size: 479232 (result: 0), SymType: '-deferred-', PDB: '', fileVersion: 20.2.172.37
C:\WINDOWS\SYSTEM32\Secur32.dll:Secur32.dll (00007FFF11530000), size: 49152 (result: 0), SymType: '-deferred-', PDB: '', fileVersion: 10.0.18362.1
C:\WINDOWS\SYSTEM32\SSPICLI.DLL:SSPICLI.DLL (00007FFF12290000), size: 192512 (result: 0), SymType: '-deferred-', PDB: '', fileVersion: 10.0.18362.1474
C:\Program Files\Unity\Hub\Editor\2021.3.11f1\Editor\OpenRL.dll:OpenRL.dll (00000149B27E0000), size: 12779520 (result: 0), SymType: '-deferred-', PDB: '', fileVersion: 1.5.0.2907
C:\WINDOWS\SYSTEM32\MSVCR100.dll:MSVCR100.dll (0000000067F70000), size: 860160 (result: 0), SymType: '-deferred-', PDB: '', fileVersion: 10.0.40219.325
C:\WINDOWS\SYSTEM32\MSVCP100.dll:MSVCP100.dll (0000000068050000), size: 622592 (result: 0), SymType: '-deferred-', PDB: '', fileVersion: 10.0.40219.325
C:\Program Files\Unity\Hub\Editor\2021.3.11f1\Editor\embree.dll:embree.dll (00007FFE7FD10000), size: 16711680 (result: 0), SymType: '-deferred-', PDB: '', fileVersion: 2.14.0.0
C:\WINDOWS\SYSTEM32\MSWSOCK.DLL:MSWSOCK.DLL (00007FFF11BB0000), size: 421888 (result: 0), SymType: '-deferred-', PDB: '', fileVersion: 10.0.18362.815
C:\Program Files\Unity\Hub\Editor\2021.3.11f1\Editor\tbb.dll:tbb.dll (00007FFEC8240000), size: 413696 (result: 0), SymType: '-deferred-', PDB: '', fileVersion: 2017.0.2016.1004
C:\WINDOWS\SYSTEM32\MSVCR120.dll:MSVCR120.dll (00007FFEC8150000), size: 978944 (result: 0), SymType: '-deferred-', PDB: '', fileVersion: 12.0.40660.0
C:\WINDOWS\SYSTEM32\MSVCP120.dll:MSVCP120.dll (00007FFEC80A0000), size: 679936 (result: 0), SymType: '-deferred-', PDB: '', fileVersion: 12.0.40660.0
C:\Program Files\Unity\Hub\Editor\2021.3.11f1\Editor\OpenRL_pthread.dll:OpenRL_pthread.dll (00000149B3430000), size: 61440 (result: 0), SymType: '-deferred-', PDB: '', fileVersion: 2.9.0.0
C:\WINDOWS\system32\uxtheme.dll:uxtheme.dll (00007FFF102F0000), size: 626688 (result: 0), SymType: '-deferred-', PDB: '', fileVersion: 10.0.18362.1316
C:\WINDOWS\system32\IconCodecService.dll:IconCodecService.dll (00007FFEEC820000), size: 36864 (result: 0), SymType: '-deferred-', PDB: '', fileVersion: 10.0.18362.1
C:\WINDOWS\SYSTEM32\WindowsCodecs.dll:WindowsCodecs.dll (00007FFF0D130000), size: 1765376 (result: 0), SymType: '-deferred-', PDB: '', fileVersion: 10.0.18362.1500
C:\WINDOWS\System32\clbcatq.dll:clbcatq.dll (00007FFF150F0000), size: 663552 (result: 0), SymType: '-deferred-', PDB: '', fileVersion: 2001.12.10941.16384
C:\WINDOWS\System32\netprofm.dll:netprofm.dll (00007FFF0B250000), size: 249856 (result: 0), SymType: '-deferred-', PDB: '', fileVersion: 10.0.18362.1474
C:\WINDOWS\System32\npmproxy.dll:npmproxy.dll (00007FFF02EA0000), size: 65536 (result: 0), SymType: '-deferred-', PDB: '', fileVersion: 10.0.18362.1474
C:\WINDOWS\System32\NSI.dll:NSI.dll (00007FFF14810000), size: 32768 (result: 0), SymType: '-deferred-', PDB: '', fileVersion: 10.0.18362.1171
C:\WINDOWS\SYSTEM32\dhcpcsvc6.DLL:dhcpcsvc6.DLL (00007FFF0ADE0000), size: 90112 (result: 0), SymType: '-deferred-', PDB: '', fileVersion: 10.0.18362.1171
C:\WINDOWS\SYSTEM32\dhcpcsvc.DLL:dhcpcsvc.DLL (00007FFF0ADC0000), size: 114688 (result: 0), SymType: '-deferred-', PDB: '', fileVersion: 10.0.18362.1171
C:\WINDOWS\SYSTEM32\DNSAPI.dll:DNSAPI.dll (00007FFF11900000), size: 831488 (result: 0), SymType: '-deferred-', PDB: '', fileVersion: 10.0.18362.1500
C:\WINDOWS\System32\fwpuclnt.dll:fwpuclnt.dll (00007FFF09D30000), size: 487424 (result: 0), SymType: '-deferred-', PDB: '', fileVersion: 10.0.18362.1533
C:\Windows\System32\rasadhlp.dll:rasadhlp.dll (00007FFF01400000), size: 40960 (result: 0), SymType: '-deferred-', PDB: '', fileVersion: 10.0.18362.1
C:\Program Files\Unity\Hub\Editor\2021.3.11f1\Editor\NVUnityPlugin.DLL:NVUnityPlugin.DLL (00007FFED1B20000), size: 1536000 (result: 0), SymType: '-deferred-', PDB: ''
C:\Program Files\Unity\Hub\Editor\2021.3.11f1\Editor\Data\Tools\astcenc-avx2.dll:astcenc-avx2.dll (00007FFEFBC40000), size: 561152 (result: 0), SymType: '-deferred-', PDB: ''
C:\WINDOWS\SYSTEM32\d3d11.dll:d3d11.dll (00007FFF0F1D0000), size: 2469888 (result: 0), SymType: '-deferred-', PDB: '', fileVersion: 10.0.18362.1411
C:\WINDOWS\SYSTEM32\dxgi.dll:dxgi.dll (00007FFF10EC0000), size: 962560 (result: 0), SymType: '-deferred-', PDB: '', fileVersion: 10.0.18362.1500
C:\WINDOWS\System32\DriverStore\FileRepository\ki124016.inf_amd64_8616d4ad10226bc2\igd10iumd64.dll:igd10iumd64.dll (00007FFF092C0000), size: 8216576 (result: 0), SymType: '-deferred-', PDB: '', fileVersion: 22.20.16.4771
C:\WINDOWS\SYSTEM32\ncrypt.dll:ncrypt.dll (00007FFF11E90000), size: 155648 (result: 0), SymType: '-deferred-', PDB: '', fileVersion: 10.0.18362.1
C:\WINDOWS\SYSTEM32\NTASN1.dll:NTASN1.dll (00007FFF11E50000), size: 241664 (result: 0), SymType: '-deferred-', PDB: '', fileVersion: 10.0.18362.1
C:\WINDOWS\System32\DriverStore\FileRepository\ki124016.inf_amd64_8616d4ad10226bc2\igc64.dll:igc64.dll (00007FFF069C0000), size: 23076864 (result: 0), SymType: '-deferred-', PDB: '', fileVersion: 22.20.16.4771
C:\WINDOWS\system32\wbem\wbemprox.dll:wbemprox.dll (00007FFEF8B20000), size: 69632 (result: 0), SymType: '-deferred-', PDB: '', fileVersion: 10.0.18362.1411
C:\WINDOWS\SYSTEM32\wbemcomn.dll:wbemcomn.dll (00007FFEF8A90000), size: 589824 (result: 0), SymType: '-deferred-', PDB: '', fileVersion: 10.0.18362.1411
C:\WINDOWS\system32\wbem\wbemsvc.dll:wbemsvc.dll (00007FFEF8EA0000), size: 81920 (result: 0), SymType: '-deferred-', PDB: '', fileVersion: 10.0.18362.1411
C:\WINDOWS\system32\wbem\fastprox.dll:fastprox.dll (00007FFEF5540000), size: 1052672 (result: 0), SymType: '-deferred-', PDB: '', fileVersion: 10.0.18362.1
C:\WINDOWS\SYSTEM32\amsi.dll:amsi.dll (00007FFEF4710000), size: 94208 (result: 0), SymType: '-deferred-', PDB: '', fileVersion: 10.0.18362.1316
C:\WINDOWS\SYSTEM32\USERENV.dll:USERENV.dll (00007FFF12260000), size: 151552 (result: 0), SymType: '-deferred-', PDB: '', fileVersion: 10.0.18362.1139
C:\ProgramData\Microsoft\Windows Defender\Platform\4.18.2301.6-0\MpOav.dll:MpOav.dll (00007FFEF1A10000), size: 503808 (result: 0), SymType: '-deferred-', PDB: '', fileVersion: 4.18.2301.6
C:\WINDOWS\SYSTEM32\opencl.dll:opencl.dll (00007FFEFBC10000), size: 139264 (result: 0), SymType: '-deferred-', PDB: '', fileVersion: 2.1.0.0
C:\Program Files\Unity\Hub\Editor\2021.3.11f1\Editor\radeonrays.dll:radeonrays.dll (00007FFEE8FD0000), size: 557056 (result: 0), SymType: '-deferred-', PDB: ''
C:\Program Files\Unity\Hub\Editor\2021.3.11f1\Editor\Data\MonoBleedingEdge\EmbedRuntime\mono-2.0-bdwgc.dll:mono-2.0-bdwgc.dll (00007FFE7F2D0000), size: 10686464 (result: 0), SymType: '-deferred-', PDB: ''
C:\WINDOWS\SYSTEM32\PROPSYS.dll:PROPSYS.dll (00007FFF10AA0000), size: 978944 (result: 0), SymType: '-deferred-', PDB: '', fileVersion: 7.0.18362.1474
C:\WINDOWS\SYSTEM32\edputil.dll:edputil.dll (00007FFEE4CC0000), size: 143360 (result: 0), SymType: '-deferred-', PDB: '', fileVersion: 10.0.18362.1
C:\Windows\System32\Windows.StateRepositoryPS.dll:Windows.StateRepositoryPS.dll (00007FFEF2E90000), size: 1265664 (result: 0), SymType: '-deferred-', PDB: '', fileVersion: 10.0.18362.1474
C:\WINDOWS\SYSTEM32\urlmon.dll:urlmon.dll (00007FFF01E90000), size: 1929216 (result: 0), SymType: '-deferred-', PDB: '', fileVersion: 11.0.18362.1533
C:\WINDOWS\SYSTEM32\iertutil.dll:iertutil.dll (00007FFF01610000), size: 2781184 (result: 0), SymType: '-deferred-', PDB: '', fileVersion: 11.0.18362.1533
C:\WINDOWS\SYSTEM32\CRYPTBASE.DLL:CRYPTBASE.DLL (00007FFF11D80000), size: 49152 (result: 0), SymType: '-deferred-', PDB: '', fileVersion: 10.0.18362.1
C:\WINDOWS\SYSTEM32\CLDAPI.dll:CLDAPI.dll (00007FFEE4670000), size: 131072 (result: 0), SymType: '-deferred-', PDB: '', fileVersion: 10.0.18362.1237
C:\WINDOWS\SYSTEM32\FLTLIB.DLL:FLTLIB.DLL (00007FFEF2E80000), size: 40960 (result: 0), SymType: '-deferred-', PDB: '', fileVersion: 10.0.18362.1
C:\Windows\System32\wintypes.dll:wintypes.dll (00007FFF0D8E0000), size: 1384448 (result: 0), SymType: '-deferred-', PDB: '', fileVersion: 10.0.18362.1500
C:\Windows\System32\appresolver.dll:appresolver.dll (00007FFEF65C0000), size: 610304 (result: 0), SymType: '-deferred-', PDB: '', fileVersion: 10.0.18362.1533
C:\Windows\System32\Bcp47Langs.dll:Bcp47Langs.dll (00007FFF0C3A0000), size: 380928 (result: 0), SymType: '-deferred-', PDB: '', fileVersion: 10.0.18362.1440
C:\Windows\System32\SLC.dll:SLC.dll (00007FFF110D0000), size: 159744 (result: 0), SymType: '-deferred-', PDB: '', fileVersion: 10.0.18362.815
C:\Windows\System32\sppc.dll:sppc.dll (00007FFF110A0000), size: 155648 (result: 0), SymType: '-deferred-', PDB: '', fileVersion: 10.0.18362.1440
C:\Windows\System32\OneCoreCommonProxyStub.dll:OneCoreCommonProxyStub.dll (00007FFEEC770000), size: 499712 (result: 0), SymType: '-deferred-', PDB: '', fileVersion: 10.0.18362.1474
C:\Windows\System32\OneCoreUAPCommonProxyStub.dll:OneCoreUAPCommonProxyStub.dll (00007FFF0BAC0000), size: 7798784 (result: 0), SymType: '-deferred-', PDB: '', fileVersion: 10.0.18362.1533
C:\WINDOWS\WinSxS\amd64_microsoft.windows.common-controls_6595b64144ccf1df_6.0.18362.1556_none_9e7e372fe45e41d5\comctl32.dll:comctl32.dll (00007FFEF8B40000), size: 2637824 (result: 0), SymType: '-deferred-', PDB: '', fileVersion: 6.10.18362.1556
C:\Windows\System32\thumbcache.dll:thumbcache.dll (00007FFEE4CF0000), size: 389120 (result: 0), SymType: '-deferred-', PDB: '', fileVersion: 10.0.18362.1316
C:\WINDOWS\SYSTEM32\policymanager.dll:policymanager.dll (00007FFF0E440000), size: 561152 (result: 0), SymType: '-deferred-', PDB: '', fileVersion: 10.0.18362.1474
C:\WINDOWS\SYSTEM32\msvcp110_win.dll:msvcp110_win.dll (00007FFF0E970000), size: 565248 (result: 0), SymType: '-deferred-', PDB: '', fileVersion: 10.0.18362.1
C:\WINDOWS\SYSTEM32\dbghelp.dll:dbghelp.dll (00007FFF0DF00000), size: 2048000 (result: 0), SymType: '-deferred-', PDB: '', fileVersion: 10.0.18362.1440

========== OUTPUTTING STACK TRACE ==================

0x00007FFF128E3B19 (KERNELBASE) RaiseException
0x00007FF63015DD5B (Unity) EditorMonoConsole::LogToConsoleImplementation
0x00007FF63015E84D (Unity) EditorMonoConsole::LogToConsoleImplementation
0x00007FF630D6A077 (Unity) DebugStringToFilePostprocessedStacktrace
0x00007FF630D697CD (Unity) DebugStringToFile
0x00007FF62F39FD13 (Unity) CachedReader::OutOfBoundsError
0x00007FF62F3A0BB4 (Unity) CachedReader::UpdateReadCache
0x00007FF62F6A9185 (Unity) TransferField_NonArray<StreamedBinaryRead,Converter_String>
0x00007FF62F625766 (Unity) ExecuteSerializationCommands<ConfigSettingsRead>
0x00007FF62F6CCAC2 (Unity) Transfer_ManagedObject<StreamedBinaryWrite,0>
0x00007FF62F625766 (Unity) ExecuteSerializationCommands<ConfigSettingsRead>
0x00007FF62F6CCAC2 (Unity) Transfer_ManagedObject<StreamedBinaryWrite,0>
0x00007FF62F625886 (Unity) ExecuteSerializationCommands<JSONRead>
0x00007FF62F63DCE8 (Unity) <lambda_580fa16bd23d18c3e466e7b58feca0a1>::operator()
0x00007FF62F6388A1 (Unity) TransferScriptingObject<StreamedBinaryRead>
0x00007FF62F639E1C (Unity) SerializableManagedRefTransfer::TransferScriptingObjectWithSerializedRefSupport<StreamedBinaryRead>
0x00007FF62F64F4BE (Unity) SerializableManagedRefTransfer::TransferBinaryInstanceOnly
0x00007FF62F62721F (Unity) SerializableManagedRefTransfer::RestoreBackupImpl<SerializableManagedRefBackupGenerator>
0x00007FF62F627045 (Unity) SerializableManagedRefTransfer::RestoreBackup<SerializableManagedRefBackupGenerator>
0x00007FF62F6EEB52 (Unity) SerializableManagedRefsUtilities::RestoreBackups
0x00007FF62F6424F0 (Unity) MonoManager::EndReloadAssembly
0x00007FF62F649ED8 (Unity) MonoManager::ReloadAssembly
0x00007FF630586412 (Unity) LoadDomainAndUserAssemblies
0x00007FF630586B44 (Unity) LoadUserAssemblies
0x00007FF630A7968F (Unity) <lambda_f586749871dc2f4b36dca2d21a52c840>::operator()
0x00007FF630AB9C82 (Unity) asio::detail::completion_handler<core::mutable_function<void __cdecl(void)>,asio::io_context::basic_executor_type<std::allocator<void>,0> >::do_complete
0x00007FF630AA5B6E (Unity) asio::detail::win_iocp_io_context::do_one
0x00007FF630AA77D4 (Unity) asio::detail::win_iocp_io_context::run
0x00007FF630AB806E (Unity) IOService::Run
0x00007FF630A8AC7F (Unity) AssetImportWorkerClient::Run
0x00007FF630A54DB3 (Unity) RunAssetImportWorkerClientV2
0x00007FF630A54E3B (Unity) RunAssetImporterV2
0x00007FF630276158 (Unity) Application::InitializeProject
0x00007FF6306D5DC8 (Unity) WinMain
0x00007FF631A7533E (Unity) __scrt_common_main_seh
0x00007FFF14107C24 (KERNEL32) BaseThreadInitThunk
0x00007FFF1552D721 (ntdll) RtlUserThreadStart

========== END OF STACKTRACE ===========

A crash has been intercepted by the crash handler. For call stack and other details, see the latest crash report generated in:
 * C:/Users/VIKRAM~1/AppData/Local/Temp/Unity/Editor/Crashes
